app/build/outputs/logs/manifest-merger-debug-report.txt
-- Merging decision tree log ---
manifest
ADDED from src\main\AndroidManifest.xml:2:1-25:12
	package
		ADDED from src\main\AndroidManifest.xml:3:11-41
		INJECTED from src\main\AndroidManifest.xml
		INJECTED from src\main\AndroidManifest.xml
	android:versionName
		ADDED from src\main\AndroidManifest.xml:5:11-36
		INJECTED from src\main\AndroidManifest.xml
		INJECTED from src\main\AndroidManifest.xml
	android:versionCode
		ADDED from src\main\AndroidManifest.xml:4:11-34
		INJECTED from src\main\AndroidManifest.xml
		INJECTED from src\main\AndroidManifest.xml
	xmlns:android
		ADDED from src\main\AndroidManifest.xml:2:11-69
uses-sdk
ADDED from src\main\AndroidManifest.xml:7:5-9:44
	android:maxSdkVersion
		ADDED from src\main\AndroidManifest.xml:9:15-41
	android:targetSdkVersion
		ADDED from src\main\AndroidManifest.xml:8:15-44
		INJECTED from src\main\AndroidManifest.xml
		INJECTED from src\main\AndroidManifest.xml
	android:minSdkVersion
		ADDED from src\main\AndroidManifest.xml:7:15-41
		INJECTED from src\main\AndroidManifest.xml
		INJECTED from src\main\AndroidManifest.xml
application
ADDED from src\main\AndroidManifest.xml:11:5-24:19
	android:label
		ADDED from src\main\AndroidManifest.xml:11:18-50
	android:theme
		ADDED from src\main\AndroidManifest.xml:11:51-85
activity#edu.upc.adapterviews.Activity0
ADDED from src\main\AndroidManifest.xml:13:9-18:20
	android:name
		ADDED from src\main\AndroidManifest.xml:13:19-44
intent-filter#android.intent.action.MAIN+android.intent.category.LAUNCHER
ADDED from src\main\AndroidManifest.xml:14:13-17:29
action#android.intent.action.MAIN
ADDED from src\main\AndroidManifest.xml:15:17-69
	android:name
		ADDED from src\main\AndroidManifest.xml:15:25-66
category#android.intent.category.LAUNCHER
ADDED from src\main\AndroidManifest.xml:16:17-77
	android:name
		ADDED from src\main\AndroidManifest.xml:16:27-74
activity#edu.upc.adapterviews.Activity1
ADDED from src\main\AndroidManifest.xml:20:9-46
	android:name
		ADDED from src\main\AndroidManifest.xml:20:19-44
activity#edu.upc.adapterviews.Activity2
ADDED from src\main\AndroidManifest.xml:21:9-46
	android:name
		ADDED from src\main\AndroidManifest.xml:21:19-44
activity#edu.upc.adapterviews.Activity3
ADDED from src\main\AndroidManifest.xml:22:9-23:62
	android:windowSoftInputMode
		ADDED from src\main\AndroidManifest.xml:23:19-60
	android:name
		ADDED from src\main\AndroidManifest.xml:22:19-44